Loaded dependency [python3/3.10.12]: sqlite3/3.42.0
Loaded module: python3/3.10.12

Loading python3/3.10.12
  Loading requirement: sqlite3/3.42.0
Loaded module: cuda/11.8
Loaded module: cudnn/v8.8.0-prod-cuda-11.X
The fast path is not available because on of `(selective_state_update, selective_scan_fn, causal_conv1d_fn, causal_conv1d_update, mamba_inner_fn)` is None. Falling back to the naive implementation. To install follow https://github.com/state-spaces/mamba/#installation and https://github.com/Dao-AILab/causal-conv1d
Traceback (most recent call last):
  File "/zhome/06/1/203182/Documents/selectiveSSM/Selective_SSM/models/mamba.py", line 190, in <module>
    train_loss = train_model(model, train_loader, criterion, optimizer, device)
  File "/zhome/06/1/203182/Documents/selectiveSSM/Selective_SSM/models/mamba.py", line 88, in train_model
    loss = criterion(logits, labels)
  File "/zhome/7a/2/203308/DL_project/venv2/lib/python3.10/site-packages/torch/nn/modules/module.py", line 1511, in _wrapped_call_impl
    return self._call_impl(*args, **kwargs)
  File "/zhome/7a/2/203308/DL_project/venv2/lib/python3.10/site-packages/torch/nn/modules/module.py", line 1520, in _call_impl
    return forward_call(*args, **kwargs)
  File "/zhome/7a/2/203308/DL_project/venv2/lib/python3.10/site-packages/torch/nn/modules/loss.py", line 1179, in forward
    return F.cross_entropy(input, target, weight=self.weight,
  File "/zhome/7a/2/203308/DL_project/venv2/lib/python3.10/site-packages/torch/nn/functional.py", line 3059, in cross_entropy
    return torch._C._nn.cross_entropy_loss(input, target, weight, _Reduction.get_enum(reduction), ignore_index, label_smoothing)
RuntimeError: expected scalar type Float but found Half
